Build started 8/28/2016 3:06:47 AM.
     1>Project "C:\Users\pike4\Documents\GM_Room_Mirror\GM_Room_Mirror\GM_Room_Mirror\GM_Room_Mirror.vcxproj" on node 2 (build target(s)).
     1>InitializeBuildStatus:
         Creating "Debug\GM_Room_Mirror.unsuccessfulbuild" because "AlwaysCreate" was specified.
       ClCompile:
         C:\Program Files (x86)\Microsoft Visual Studio 10.0\VC\bin\CL.exe /c /ZI /nologo /W3 /WX- /Od /Oy- /D _MBCS /Gm /EHsc /RTC1 /MDd /GS /fp:precise /Zc:wchar_t /Zc:forScope /Fo"Debug\\" /Fd"Debug\vc100.pdb" /Gd /TP /analyze- /errorReport:prompt Room_Mirror.cpp
         Room_Mirror.cpp
       Link:
         C:\Program Files (x86)\Microsoft Visual Studio 10.0\VC\bin\link.exe /ERRORREPORT:PROMPT /OUT:"C:\Users\pike4\Documents\GM_Room_Mirror\GM_Room_Mirror\Debug\GM_Room_Mirror.exe" /NOLOGO kernel32.lib user32.lib gdi32.lib winspool.lib comdlg32.lib advapi32.lib shell32.lib ole32.lib oleaut32.lib uuid.lib odbc32.lib odbccp32.lib /MANIFEST /ManifestFile:"Debug\GM_Room_Mirror.exe.intermediate.manifest" /MANIFESTUAC:"level='asInvoker' uiAccess='false'" /DEBUG /PDB:"C:\Users\pike4\Documents\GM_Room_Mirror\GM_Room_Mirror\Debug\GM_Room_Mirror.pdb" /TLBID:1 /DYNAMICBASE /NXCOMPAT /IMPLIB:"C:\Users\pike4\Documents\GM_Room_Mirror\GM_Room_Mirror\Debug\GM_Room_Mirror.lib" /MACHINE:X86 Debug\pugixml.obj
         Debug\Room_Mirror.obj
         LINK : C:\Users\pike4\Documents\GM_Room_Mirror\GM_Room_Mirror\Debug\GM_Room_Mirror.exe not found or not built by the last incremental link; performing full link
         GM_Room_Mirror.vcxproj -> C:\Users\pike4\Documents\GM_Room_Mirror\GM_Room_Mirror\Debug\GM_Room_Mirror.exe
       Manifest:
         C:\Program Files (x86)\Microsoft SDKs\Windows\v7.0A\bin\mt.exe /nologo /verbose /outputresource:"C:\Users\pike4\Documents\GM_Room_Mirror\GM_Room_Mirror\Debug\GM_Room_Mirror.exe;#1" /manifest Debug\GM_Room_Mirror.exe.intermediate.manifest
       FinalizeBuildStatus:
         Deleting file "Debug\GM_Room_Mirror.unsuccessfulbuild".
         Touching "Debug\GM_Room_Mirror.lastbuildstate".
     1>Done Building Project "C:\Users\pike4\Documents\GM_Room_Mirror\GM_Room_Mirror\GM_Room_Mirror\GM_Room_Mirror.vcxproj" (build target(s)).

Build succeeded.

Time Elapsed 00:00:00.65
